Wed Jun 01 23:19:44 2022: build-wrapper, version 6.33 (win-x86-64)
Wed Jun 01 23:19:44 2022: isWow64: 0
Wed Jun 01 23:19:44 2022: windows version: 6.2, service pack: 0.0, build number: 9200, product type: 1
Wed Jun 01 23:19:44 2022: current directory: C:\Users\Pc\Desktop\ing softwar\teor\testing
Wed Jun 01 23:19:44 2022: cwd: <C:\Users\Pc\Desktop\ing softwar\teor\testing>
Wed Jun 01 23:19:44 2022: out-dir absolute path: <C:\Users\Pc\Desktop\ing softwar\teor\testing\bw-output>
Wed Jun 01 23:19:44 2022: command line received: <g++ main.cpp>
Wed Jun 01 23:19:44 2022: initializing json file
Wed Jun 01 23:19:44 2022: starting debug cycle
Wed Jun 01 23:19:44 2022: process created with pid: 8548
Wed Jun 01 23:19:44 2022: image path name: <C:\Strawberry\c\bin\g++.exe>
Wed Jun 01 23:19:44 2022: command line: <g++ main.cpp>
Wed Jun 01 23:19:44 2022: working directory: <C:\Users\Pc\Desktop\ing softwar\teor\testing\>
Wed Jun 01 23:19:44 2022: isWow64: 0
Wed Jun 01 23:19:44 2022: env0: <ALLUSERSPROFILE=C:\ProgramData>
Wed Jun 01 23:19:44 2022: env1: <APPDATA=C:\Users\Pc\AppData\Roaming>
Wed Jun 01 23:19:44 2022: env2: <CHROME_CRASHPAD_PIPE_NAME=\\.\pipe\crashpad_6684_GBEUHZQKMODSVIMF>
Wed Jun 01 23:19:44 2022: env3: <CommonProgramFiles=C:\Program Files\Common Files>
Wed Jun 01 23:19:44 2022: env4: <CommonProgramFiles(x86)=C:\Program Files (x86)\Common Files>
Wed Jun 01 23:19:44 2022: env5: <CommonProgramW6432=C:\Program Files\Common Files>
Wed Jun 01 23:19:44 2022: env6: <COMPUTERNAME=DESKTOP-FIPK858>
Wed Jun 01 23:19:44 2022: env7: <ComSpec=C:\Windows\system32\cmd.exe>
Wed Jun 01 23:19:44 2022: env8: <CYGWIN=wincmdln>
Wed Jun 01 23:19:44 2022: env9: <DriverData=C:\Windows\System32\Drivers\DriverData>
Wed Jun 01 23:19:44 2022: env10: <ESET_OPTIONS=                                                                                                                                                                                                                                                                                                                                                                                                                                                                                                                               >
Wed Jun 01 23:19:44 2022: env11: <FONTCONFIG_FILE=C:\Windows\fonts.conf>
Wed Jun 01 23:19:44 2022: env12: <FPS_BROWSER_APP_PROFILE_STRING=Internet Explorer>
Wed Jun 01 23:19:44 2022: env13: <FPS_BROWSER_USER_PROFILE_STRING=Default>
Wed Jun 01 23:19:44 2022: env14: <HOMEDRIVE=C:>
Wed Jun 01 23:19:44 2022: env15: <HOMEPATH=\Users\Pc>
Wed Jun 01 23:19:44 2022: env16: <IntelliJ IDEA=C:\Program Files\JetBrains\IntelliJ IDEA 2021.3.3\bin;>
Wed Jun 01 23:19:44 2022: env17: <JAVA_HOME=C:\Java\jdk1.8.0_202>
Wed Jun 01 23:19:44 2022: env18: <LOCALAPPDATA=C:\Users\Pc\AppData\Local>
Wed Jun 01 23:19:44 2022: env19: <LOGONSERVER=\\DESKTOP-FIPK858>
Wed Jun 01 23:19:44 2022: env20: <M2_HOME=C:\apache-maven-3.8.5>
Wed Jun 01 23:19:44 2022: env21: <MAVEN_HOME=C:\apache-maven-3.8.5>
Wed Jun 01 23:19:44 2022: env22: <NUMBER_OF_PROCESSORS=8>
Wed Jun 01 23:19:44 2022: env23: <OneDrive=C:\Users\Pc\OneDrive>
Wed Jun 01 23:19:44 2022: env24: <ORIGINAL_XDG_CURRENT_DESKTOP=undefined>
Wed Jun 01 23:19:44 2022: env25: <OS=Windows_NT>
Wed Jun 01 23:19:44 2022: env26: <Path=C:\Program Files (x86)\Common Files\Oracle\Java\javapath;C:\Program Files (x86)\Java\jre1.8.0_333\bin;C:\Windows\system32;C:\Windows;C:\Windows\System32\Wbem;C:\Windows\System32\WindowsPowerShell\v1.0\;C:\Windows\System32\OpenSSH\;C:\Strawberry;C:\Strawberry\c\bin;C:\Program Files (x86)\Common Files\Oracle\Java\javapath;C:\Program Files\Git\cmd;C:\apache-maven-3.8.5\bin;C:\Users\Pc\AppData\Local\Programs\Python\Python37\Scripts\;C:\Users\Pc\AppData\Local\Programs\Python\Python37\;C:\Users\Pc\AppData\Local\Microsoft\WindowsApps;C:\Microsoft VS Code\bin;C:\iverilog\bin;C:\iverilog\gtkwave\bin;C:\Program Files\JetBrains\IntelliJ IDEA 2021.3.3\bin;;C:\Strawberry;C:\Strawberry\c;C:\Program Files (x86)\Common Files\Oracle\Java\javapath;C:\build-wrapper-win-x86;C:\sonar_scanner\bin;>
Wed Jun 01 23:19:44 2022: env27: <PATHEXT=.COM;.EXE;.BAT;.CMD;.VBS;.VBE;.JS;.JSE;.WSF;.WSH;.MSC;.CPL>
Wed Jun 01 23:19:44 2022: env28: <PROCESSOR_ARCHITECTURE=AMD64>
Wed Jun 01 23:19:44 2022: env29: <PROCESSOR_IDENTIFIER=Intel64 Family 6 Model 142 Stepping 10, GenuineIntel>
Wed Jun 01 23:19:44 2022: env30: <PROCESSOR_LEVEL=6>
Wed Jun 01 23:19:44 2022: env31: <PROCESSOR_REVISION=8e0a>
Wed Jun 01 23:19:44 2022: env32: <ProgramData=C:\ProgramData>
Wed Jun 01 23:19:44 2022: env33: <ProgramFiles=C:\Program Files>
Wed Jun 01 23:19:44 2022: env34: <ProgramFiles(x86)=C:\Program Files (x86)>
Wed Jun 01 23:19:44 2022: env35: <ProgramW6432=C:\Program Files>
Wed Jun 01 23:19:44 2022: env36: <PSModulePath=C:\Users\Pc\Documents\WindowsPowerShell\Modules;C:\Program Files\WindowsPowerShell\Modules;C:\Windows\system32\WindowsPowerShell\v1.0\Modules>
Wed Jun 01 23:19:44 2022: env37: <PUBLIC=C:\Users\Public>
Wed Jun 01 23:19:44 2022: env38: <SESSIONNAME=Console>
Wed Jun 01 23:19:44 2022: env39: <SONAR_TOKEN=7521f7b8bfe96b5f8f2f78cb515f26bc4af313cc>
Wed Jun 01 23:19:44 2022: env40: <SystemDrive=C:>
Wed Jun 01 23:19:44 2022: env41: <SystemRoot=C:\Windows>
Wed Jun 01 23:19:44 2022: env42: <TEMP=C:\Users\Pc\AppData\Local\Temp>
Wed Jun 01 23:19:44 2022: env43: <TMP=C:\Users\Pc\AppData\Local\Temp>
Wed Jun 01 23:19:44 2022: env44: <USERDOMAIN=DESKTOP-FIPK858>
Wed Jun 01 23:19:44 2022: env45: <USERDOMAIN_ROAMINGPROFILE=DESKTOP-FIPK858>
Wed Jun 01 23:19:44 2022: env46: <USERNAME=Pc>
Wed Jun 01 23:19:44 2022: env47: <USERPROFILE=C:\Users\Pc>
Wed Jun 01 23:19:44 2022: env48: <VBOX_MSI_INSTALL_PATH=C:\Program Files\Oracle\VirtualBox\>
Wed Jun 01 23:19:44 2022: env49: <windir=C:\Windows>
Wed Jun 01 23:19:44 2022: env50: <TERM_PROGRAM=vscode>
Wed Jun 01 23:19:44 2022: env51: <TERM_PROGRAM_VERSION=1.67.2>
Wed Jun 01 23:19:44 2022: env52: <LANG=es_ES.UTF-8>
Wed Jun 01 23:19:44 2022: env53: <COLORTERM=truecolor>
Wed Jun 01 23:19:44 2022: env54: <VSCODE_GIT_IPC_HANDLE=\\.\pipe\vscode-git-c77b8f8222-sock>
Wed Jun 01 23:19:44 2022: env55: <VSCODE_GIT_ASKPASS_NODE=C:\Microsoft VS Code\Code.exe>
Wed Jun 01 23:19:44 2022: env56: <VSCODE_GIT_ASKPASS_EXTRA_ARGS=--ms-enable-electron-run-as-node>
Wed Jun 01 23:19:44 2022: env57: <VSCODE_GIT_ASKPASS_MAIN=c:\Microsoft VS Code\resources\app\extensions\git\dist\askpass-main.js>
Wed Jun 01 23:19:44 2022: env58: <GIT_ASKPASS=c:\Microsoft VS Code\resources\app\extensions\git\dist\askpass.sh>
Wed Jun 01 23:19:44 2022: env59: <_NO_DEBUG_HEAP=1>
Wed Jun 01 23:19:44 2022: process created with pid: 896
Wed Jun 01 23:19:44 2022: image path name: <C:\Strawberry\c\bin\..\libexec\gcc\x86_64-w64-mingw32\8.3.0\cc1plus.exe>
Wed Jun 01 23:19:44 2022: command line: <C:/Strawberry/c/bin/../libexec/gcc/x86_64-w64-mingw32/8.3.0/cc1plus.exe -quiet -iprefix C:/Strawberry/c/bin/../lib/gcc/x86_64-w64-mingw32/8.3.0/ -D_REENTRANT main.cpp -quiet -dumpbase main.cpp -mtune=core2 -march=nocona -auxbase main -o C:\Users\Pc\AppData\Local\Temp\ccMDssuP.s>
Wed Jun 01 23:19:44 2022: working directory: <C:\Users\Pc\Desktop\ing softwar\teor\testing\>
Wed Jun 01 23:19:44 2022: isWow64: 0
Wed Jun 01 23:19:44 2022: skipping process C:\Strawberry\c\bin\..\libexec\gcc\x86_64-w64-mingw32\8.3.0\cc1plus.exe with pid: 896
Wed Jun 01 23:19:44 2022: process with pid 896 exit with code: 0 (0x0)
Wed Jun 01 23:19:44 2022: process created with pid: 10136
Wed Jun 01 23:19:44 2022: image path name: <C:\Strawberry\c\bin\..\lib\gcc\x86_64-w64-mingw32\8.3.0\..\..\..\..\x86_64-w64-mingw32\bin\as.exe>
Wed Jun 01 23:19:44 2022: command line: <C:/Strawberry/c/bin/../lib/gcc/x86_64-w64-mingw32/8.3.0/../../../../x86_64-w64-mingw32/bin/as.exe -o C:\Users\Pc\AppData\Local\Temp\ccQdhJsQ.o C:\Users\Pc\AppData\Local\Temp\ccMDssuP.s>
Wed Jun 01 23:19:44 2022: working directory: <C:\Users\Pc\Desktop\ing softwar\teor\testing\>
Wed Jun 01 23:19:44 2022: isWow64: 0
Wed Jun 01 23:19:44 2022: skipping process C:\Strawberry\c\bin\..\lib\gcc\x86_64-w64-mingw32\8.3.0\..\..\..\..\x86_64-w64-mingw32\bin\as.exe with pid: 10136
Wed Jun 01 23:19:44 2022: process with pid 10136 exit with code: 0 (0x0)
Wed Jun 01 23:19:44 2022: process created with pid: 6528
Wed Jun 01 23:19:44 2022: image path name: <C:\Strawberry\c\bin\..\libexec\gcc\x86_64-w64-mingw32\8.3.0\collect2.exe>
Wed Jun 01 23:19:44 2022: command line: <C:/Strawberry/c/bin/../libexec/gcc/x86_64-w64-mingw32/8.3.0/collect2.exe -plugin C:/Strawberry/c/bin/../libexec/gcc/x86_64-w64-mingw32/8.3.0/liblto_plugin-0.dll -plugin-opt=C:/Strawberry/c/bin/../libexec/gcc/x86_64-w64-mingw32/8.3.0/lto-wrapper.exe -plugin-opt=-fresolution=C:\Users\Pc\AppData\Local\Temp\cceaM0nQ.res -plugin-opt=-pass-through=-lmingw32 -plugin-opt=-pass-through=-lgcc_s -plugin-opt=-pass-through=-lgcc -plugin-opt=-pass-through=-lmoldname -plugin-opt=-pass-through=-lmingwex -plugin-opt=-pass-through=-lmsvcrt -plugin-opt=-pass-through=-lpthread -plugin-opt=-pass-through=-ladvapi32 -plugin-opt=-pass-through=-lshell32 -plugin-opt=-pass-through=-luser32 -plugin-opt=-pass-through=-lkernel32 -plugin-opt=-pass-through=-liconv -plugin-opt=-pass-through=-lmingw32 -plugin-opt=-pass-through=-lgcc_s -plugin-opt=-pass-through=-lgcc -plugin-opt=-pass-through=-lmoldname -plugin-opt=-pass-through=-lmingwex -plugin-opt=-pass-through=-lmsvcrt -m i386pep -Bdynamic C:/Strawberry/c/bin/../lib/gcc/x86_64-w64-mingw32/8.3.0/../../../../x86_64-w64-mingw32/lib/../lib/crt2.o C:/Strawberry/c/bin/../lib/gcc/x86_64-w64-mingw32/8.3.0/crtbegin.o -LC:/Strawberry/c/bin/../lib/gcc/x86_64-w64-mingw32/8.3.0 -LC:/Strawberry/c/bin/../lib/gcc -LC:/Strawberry/c/bin/../lib/gcc/x86_64-w64-mingw32/8.3.0/../../../../x86_64-w64-mingw32/lib/../lib -LC:/Strawberry/c/bin/../lib/gcc/x86_64-w64-mingw32/8.3.0/../../../../lib -LC:/Strawberry/c/bin/../lib/gcc/x86_64-w64-mingw32/8.3.0/../../../../x86_64-w64-mingw32/lib -LC:/Strawberry/c/bin/../lib/gcc/x86_64-w64-mingw32/8.3.0/../../.. C:\Users\Pc\AppData\Local\Temp\ccQdhJsQ.o -lstdc++ -lmingw32 -lgcc_s -lgcc -lmoldname -lmingwex -lmsvcrt -lpthread -ladvapi32 -lshell32 -luser32 -lkernel32 -liconv -lmingw32 -lgcc_s -lgcc -lmoldname -lmingwex -lmsvcrt C:/Strawberry/c/bin/../lib/gcc/x86_64-w64-mingw32/8.3.0/crtend.o>
Wed Jun 01 23:19:44 2022: working directory: <C:\Users\Pc\Desktop\ing softwar\teor\testing\>
Wed Jun 01 23:19:44 2022: isWow64: 0
Wed Jun 01 23:19:44 2022: skipping process C:\Strawberry\c\bin\..\libexec\gcc\x86_64-w64-mingw32\8.3.0\collect2.exe with pid: 6528
Wed Jun 01 23:19:44 2022: process created with pid: 7964
Wed Jun 01 23:19:44 2022: image path name: <C:\Strawberry\c\bin\..\lib\gcc\x86_64-w64-mingw32\8.3.0\..\..\..\..\x86_64-w64-mingw32\bin\ld.exe>
Wed Jun 01 23:19:44 2022: command line: <C:/Strawberry/c/bin/../lib/gcc/x86_64-w64-mingw32/8.3.0/../../../../x86_64-w64-mingw32/bin/ld.exe -plugin C:/Strawberry/c/bin/../libexec/gcc/x86_64-w64-mingw32/8.3.0/liblto_plugin-0.dll -plugin-opt=C:/Strawberry/c/bin/../libexec/gcc/x86_64-w64-mingw32/8.3.0/lto-wrapper.exe -plugin-opt=-fresolution=C:\Users\Pc\AppData\Local\Temp\cceaM0nQ.res -plugin-opt=-pass-through=-lmingw32 -plugin-opt=-pass-through=-lgcc_s -plugin-opt=-pass-through=-lgcc -plugin-opt=-pass-through=-lmoldname -plugin-opt=-pass-through=-lmingwex -plugin-opt=-pass-through=-lmsvcrt -plugin-opt=-pass-through=-lpthread -plugin-opt=-pass-through=-ladvapi32 -plugin-opt=-pass-through=-lshell32 -plugin-opt=-pass-through=-luser32 -plugin-opt=-pass-through=-lkernel32 -plugin-opt=-pass-through=-liconv -plugin-opt=-pass-through=-lmingw32 -plugin-opt=-pass-through=-lgcc_s -plugin-opt=-pass-through=-lgcc -plugin-opt=-pass-through=-lmoldname -plugin-opt=-pass-through=-lmingwex -plugin-opt=-pass-through=-lmsvcrt -m i386pep -Bdynamic C:/Strawberry/c/bin/../lib/gcc/x86_64-w64-mingw32/8.3.0/../../../../x86_64-w64-mingw32/lib/../lib/crt2.o C:/Strawberry/c/bin/../lib/gcc/x86_64-w64-mingw32/8.3.0/crtbegin.o -LC:/Strawberry/c/bin/../lib/gcc/x86_64-w64-mingw32/8.3.0 -LC:/Strawberry/c/bin/../lib/gcc -LC:/Strawberry/c/bin/../lib/gcc/x86_64-w64-mingw32/8.3.0/../../../../x86_64-w64-mingw32/lib/../lib -LC:/Strawberry/c/bin/../lib/gcc/x86_64-w64-mingw32/8.3.0/../../../../lib -LC:/Strawberry/c/bin/../lib/gcc/x86_64-w64-mingw32/8.3.0/../../../../x86_64-w64-mingw32/lib -LC:/Strawberry/c/bin/../lib/gcc/x86_64-w64-mingw32/8.3.0/../../.. C:\Users\Pc\AppData\Local\Temp\ccQdhJsQ.o -lstdc++ -lmingw32 -lgcc_s -lgcc -lmoldname -lmingwex -lmsvcrt -lpthread -ladvapi32 -lshell32 -luser32 -lkernel32 -liconv -lmingw32 -lgcc_s -lgcc -lmoldname -lmingwex -lmsvcrt C:/Strawberry/c/bin/../lib/gcc/x86_64-w64-mingw32/8.3.0/crtend.o>
Wed Jun 01 23:19:44 2022: working directory: <C:\Users\Pc\Desktop\ing softwar\teor\testing\>
Wed Jun 01 23:19:44 2022: isWow64: 0
Wed Jun 01 23:19:44 2022: skipping process C:\Strawberry\c\bin\..\lib\gcc\x86_64-w64-mingw32\8.3.0\..\..\..\..\x86_64-w64-mingw32\bin\ld.exe with pid: 7964
Wed Jun 01 23:19:44 2022: process with pid 7964 exit with code: 0 (0x0)
Wed Jun 01 23:19:44 2022: process with pid 6528 exit with code: 0 (0x0)
Wed Jun 01 23:19:44 2022: process with pid 8548 exit with code: 0 (0x0)
Wed Jun 01 23:19:44 2022: finalizing json file
